<?xml version="1.0" encoding="UTF-8" standalone="no"?>
<testsuite tests="2" failures="2">
    <testcase classname="Feature_1" name="Scenario_1" time="0">
        <failure message="The scenario has pending or undefined step(s)"><![CDATA[Given step_1................................................................undefined
When step_2.................................................................undefined
Then step_3.................................................................undefined
]]></failure>
    </testcase>
    <testcase classname="Feature_1" name="Scenario_2" time="0">
        <failure message="The scenario has pending or undefined step(s)"><![CDATA[Given step_1................................................................undefined
When step_2.................................................................undefined
Then step_3.................................................................undefined
]]></failure>
    </testcase>
</testsuite>
