<?xml version="1.0" encoding="UTF-8" standalone="no"?>
<testsuite failures="0" name="cucumber.runtime.formatter.JUnitFormatter" skipped="2" tests="2" time="0">
    <testcase classname="Feature_1" name="Scenario_1" time="0">
        <skipped><![CDATA[Given bg_1..................................................................undefined
When bg_2...................................................................undefined
Then bg_3...................................................................undefined
Given step_1................................................................undefined
When step_2.................................................................undefined
Then step_3.................................................................undefined
]]></skipped>
    </testcase>
    <testcase classname="Feature_2" name="Scenario_2" time="0">
        <skipped><![CDATA[Given bg_10.................................................................undefined
When bg_20..................................................................undefined
Then bg_30..................................................................undefined
Given step_10...............................................................undefined
When step_20................................................................undefined
Then step_30................................................................undefined
]]></skipped>
    </testcase>
</testsuite>