<?xml version="1.0" encoding="UTF-8" standalone="no"?>
<testsuite tests="2" failures="0" skipped="2" time="0" name="cucumber.runtime.formatter.JUnitFormatter">
    <testcase classname="Feature_1" name="Scenario_1" time="0">
        <skipped><![CDATA[Given step_1................................................................undefined
When step_2.................................................................undefined
Then step_3.................................................................undefined
]]></skipped>
    </testcase>
    <testcase classname="Feature_1" name="Scenario_2" time="0">
        <skipped><![CDATA[Given step_1................................................................undefined
When step_2.................................................................undefined
Then step_3.................................................................undefined
]]></skipped>
    </testcase>
</testsuite>
