<?xml version="1.0" encoding="UTF-8" standalone="no"?>
<testsuite errors="0" failures="2" name="io.cucumber.core.plugin.JUnitFormatter" skipped="0" tests="2" time="0">
    <testcase classname="Feature_2" name="Scenario_1" time="0">
        <failure message="The scenario has pending or undefined step(s)" type="java.lang.Exception">
            <![CDATA[Given bg_1..................................................................undefined
When bg_2...................................................................skipped
Then bg_3...................................................................skipped
Given step_1................................................................skipped
When step_2.................................................................skipped
Then step_3.................................................................skipped
]]>
        </failure>
    </testcase>
    <testcase classname="Feature_2" name="Scenario_2" time="0">
        <failure message="The scenario has pending or undefined step(s)" type="java.lang.Exception">
            <![CDATA[Given bg_1..................................................................undefined
When bg_2...................................................................skipped
Then bg_3...................................................................skipped
Given step_1................................................................skipped
When step_2.................................................................skipped
Then step_3.................................................................skipped
]]>
        </failure>
    </testcase>
</testsuite>
