<?xml version="1.0" encoding="UTF-8" standalone="no"?>
<testsuite errors="0" failures="4" name="io.cucumber.core.plugin.JUnitFormatter" skipped="0" tests="4" time="0">
    <testcase classname="Feature_3" name="Scenario_1" time="0">
        <failure message="The scenario has pending or undefined step(s)" type="java.lang.Exception">
            <![CDATA[Given bg_1..................................................................undefined
When bg_2...................................................................skipped
Then bg_3...................................................................skipped
Given step_1................................................................skipped
When step_2.................................................................skipped
Then step_3.................................................................skipped
]]>
        </failure>
    </testcase>
    <testcase classname="Feature_3" name="ScenarioOutline_1" time="0">
        <failure message="The scenario has pending or undefined step(s)" type="java.lang.Exception">
            <![CDATA[Given bg_1..................................................................undefined
When bg_2...................................................................skipped
Then bg_3...................................................................skipped
Given so_1 12...............................................................skipped
When so_2 7 cucumbers.......................................................skipped
Then 5 so_3.................................................................skipped
]]>
        </failure>
    </testcase>
    <testcase classname="Feature_3" name="ScenarioOutline_1_2" time="0">
        <failure message="The scenario has pending or undefined step(s)" type="java.lang.Exception">
            <![CDATA[Given bg_1..................................................................undefined
When bg_2...................................................................skipped
Then bg_3...................................................................skipped
Given so_1 20...............................................................skipped
When so_2 15 cucumbers......................................................skipped
Then 5 so_3.................................................................skipped
]]>
        </failure>
    </testcase>
    <testcase classname="Feature_3" name="Scenario_2" time="0">
        <failure message="The scenario has pending or undefined step(s)" type="java.lang.Exception">
            <![CDATA[Given bg_1..................................................................undefined
When bg_2...................................................................skipped
Then bg_3...................................................................skipped
Given a.....................................................................skipped
Then b......................................................................skipped
When c......................................................................skipped
]]>
        </failure>
    </testcase>
</testsuite>
